 

 
//------------------------------------------------------------------------------
// <auto-generated>
//    This code was generated from a template.
//
//    Manual changes to this file may cause unexpected behavior in your application.
//    Manual changes to this file will be overwritten if the code is regenerated.
// </auto-generated>
//-----------------------------------------------------------------------------

// ReSharper disable RedundantUsingDirective
// ReSharper disable InconsistentNaming
// ReSharper disable PartialTypeWithSinglePart
// ReSharper disable RedundantNameQualifier
// ReSharper disable ConvertNullableToShortForm

using System;
using System.Runtime.Serialization;
using System.Collections.Generic;
using DoubleGis.Erm.Platform.Model.Entities;
using DoubleGis.Erm.Platform.Model.Entities.Enums;
using DoubleGis.Erm.Platform.Model.Entities.Security;
using DoubleGis.Erm.Platform.Model.Entities.Interfaces;

